Compiling the C compiler identification source file "CMakeCCompilerId.c" failed.
Compiler: /Library/Developer/CommandLineTools/usr/bin/cc 
Build flags: 
Id flags:  

The output was:
1
ld: library not found for -lSystem
clang: error: linker command failed with exit code 1 (use -v to see invocation)


Compiling the CXX compiler identification source file "CMakeCXXCompilerId.cpp" failed.
Compiler: /Library/Developer/CommandLineTools/usr/bin/c++ 
Build flags: 
Id flags:  

The output was:
1
ld: library not found for -lc++
clang: error: linker command failed with exit code 1 (use -v to see invocation)


Determining if the function sgemm_ exists failed with the following output:
Change Dir: /Users/liuwch/dev/ar_vslam/build/CMakeFiles/CMakeTmp

Run Build Command(s):/usr/bin/make cmTC_b1cb1/fast && /Library/Developer/CommandLineTools/usr/bin/make -f CMakeFiles/cmTC_b1cb1.dir/build.make CMakeFiles/cmTC_b1cb1.dir/build
Building C object CMakeFiles/cmTC_b1cb1.dir/CheckFunctionExists.c.o
/Library/Developer/CommandLineTools/usr/bin/cc   -DCHECK_FUNCTION_EXISTS=sgemm_ -isysroot /Library/Developer/CommandLineTools/SDKs/MacOSX10.15.sdk   -o CMakeFiles/cmTC_b1cb1.dir/CheckFunctionExists.c.o   -c /usr/local/Cellar/cmake/3.15.4/share/cmake/Modules/CheckFunctionExists.c
Linking C executable cmTC_b1cb1
/usr/local/Cellar/cmake/3.15.4/bin/cmake -E cmake_link_script CMakeFiles/cmTC_b1cb1.dir/link.txt --verbose=1
/Library/Developer/CommandLineTools/usr/bin/cc  -DCHECK_FUNCTION_EXISTS=sgemm_ -isysroot /Library/Developer/CommandLineTools/SDKs/MacOSX10.15.sdk -Wl,-search_paths_first -Wl,-headerpad_max_install_names   CMakeFiles/cmTC_b1cb1.dir/CheckFunctionExists.c.o  -o cmTC_b1cb1 
Undefined symbols for architecture x86_64:
  "_sgemm_", referenced from:
      _main in CheckFunctionExists.c.o
ld: symbol(s) not found for architecture x86_64
clang: error: linker command failed with exit code 1 (use -v to see invocation)
make[1]: *** [cmTC_b1cb1] Error 1
make: *** [cmTC_b1cb1/fast] Error 2



Determining if the function shm_open exists in the rt failed with the following output:
Change Dir: /Users/liuwch/dev/ar_vslam/build/CMakeFiles/CMakeTmp

Run Build Command(s):/usr/bin/make cmTC_a3bf0/fast && /Library/Developer/CommandLineTools/usr/bin/make -f CMakeFiles/cmTC_a3bf0.dir/build.make CMakeFiles/cmTC_a3bf0.dir/build
Building C object CMakeFiles/cmTC_a3bf0.dir/CheckFunctionExists.c.o
/Library/Developer/CommandLineTools/usr/bin/cc   -DCHECK_FUNCTION_EXISTS=shm_open -isysroot /Library/Developer/CommandLineTools/SDKs/MacOSX10.15.sdk   -o CMakeFiles/cmTC_a3bf0.dir/CheckFunctionExists.c.o   -c /usr/local/Cellar/cmake/3.15.4/share/cmake/Modules/CheckFunctionExists.c
Linking C executable cmTC_a3bf0
/usr/local/Cellar/cmake/3.15.4/bin/cmake -E cmake_link_script CMakeFiles/cmTC_a3bf0.dir/link.txt --verbose=1
/Library/Developer/CommandLineTools/usr/bin/cc  -DCHECK_FUNCTION_EXISTS=shm_open -isysroot /Library/Developer/CommandLineTools/SDKs/MacOSX10.15.sdk -Wl,-search_paths_first -Wl,-headerpad_max_install_names   CMakeFiles/cmTC_a3bf0.dir/CheckFunctionExists.c.o  -o cmTC_a3bf0 -lrt 
ld: library not found for -lrt
clang: error: linker command failed with exit code 1 (use -v to see invocation)
make[1]: *** [cmTC_a3bf0] Error 1
make: *** [cmTC_a3bf0/fast] Error 2



